<?xml version="1.0" encoding="UTF-8"?>
<!-- Generated by org.testng.reporters.JUnitXMLReporter -->
<testsuite ignored="0" hostname="TWLADL-032" failures="1" tests="9" name="ClickOperations" time="53.377" errors="0" timestamp="08 Apr 2021 17:09:38 GMT">
  <testcase classname="com.imsd.tests.LoginPageTest" name="loginTest" time="28.54"/>
  <testcase classname="com.imsd.tests.DashboardPageTest" name="clickOperationsTileTest" time="4.543"/>
  <testcase classname="com.imsd.tests.DashboardPageTest" name="verifyDashboardPageTileTest" time="0.007">
    <failure type="java.lang.AssertionError" message="Dashboardpage Tile not matched expected [Praveen] but found [Bookings - thebigword gms]">
      <![CDATA[java.lang.AssertionError: Dashboardpage Tile not matched expected [Praveen] but found [Bookings - thebigword gms]
at com.imsd.tests.DashboardPageTest.verifyDashboardPageTileTest(DashboardPageTest.java:33)
... Removed 30 stack frames]]>
    </failure>
  </testcase> <!-- verifyDashboardPageTileTest -->
  <testcase classname="com.imsd.tests.BookingSearchPageTest" name="clickGroupedBookingslinkTest" time="1.414"/>
  <testcase classname="com.imsd.tests.GroupedBookingsPageTest" name="clickGroupedBookingsLinkTest" time="5.975"/>
  <testcase classname="com.imsd.tests.AddBookingPageTest" name="clickContactsLinkTest" time="7.719"/>
  <testcase classname="com.imsd.tests.ContactsPageTest" name="clickAssignBookingsLinkTest" time="3.293"/>
  <testcase classname="com.imsd.tests.AssignBookingsPageTest" name="clickMyAssignmentsLinkTest" time="1.067"/>
  <testcase classname="com.imsd.tests.MyAssignmentsPageTest" name="clickMyAssignmentsLinkTest" time="0.792"/>
</testsuite> <!-- ClickOperations -->
