<?xml version="1.0" encoding="UTF-8"?>
<!-- Generated by org.testng.reporters.JUnitXMLReporter -->
<testsuite ignored="0" hostname="TWLADL-032" failures="0" tests="15" name="ClickOperations" time="59.119" errors="0" timestamp="11 Apr 2021 16:29:54 GMT">
  <testcase classname="com.imsd.tests.LoginPageTest" name="loginTest" time="31.846"/>
  <testcase classname="com.imsd.tests.DashboardPageTest" name="verifyDashboardPageTileTest" time="0.024"/>
  <testcase classname="com.imsd.tests.DashboardPageTest" name="clickOperationsTileTest" time="10.51"/>
  <testcase classname="com.imsd.tests.BookingSearchPageTest" name="verifyBookingSearchPageTitleTest" time="0.012"/>
  <testcase classname="com.imsd.tests.BookingSearchPageTest" name="clickGroupedBookingslinkTest" time="8.329"/>
  <testcase classname="com.imsd.tests.GroupedBookingsPageTest" name="verifyGroupedBookingsPageTitleTest" time="0.025"/>
  <testcase classname="com.imsd.tests.GroupedBookingsPageTest" name="clickAddBookingLinkTest" time="0.995"/>
  <testcase classname="com.imsd.tests.AddBookingPageTest" name="verifyAddBookingPageTitleTest" time="0.009"/>
  <testcase classname="com.imsd.tests.AddBookingPageTest" name="clickContactsLinkTest" time="1.568"/>
  <testcase classname="com.imsd.tests.ContactsPageTest" name="verifyContactsPageTitleTest" time="0.008"/>
  <testcase classname="com.imsd.tests.ContactsPageTest" name="clickAssignBookingsLinkTest" time="3.798"/>
  <testcase classname="com.imsd.tests.AssignBookingsPageTest" name="verifyAssignBookingsPageTitleTest" time="0.011"/>
  <testcase classname="com.imsd.tests.AssignBookingsPageTest" name="clickMyAssignmentsLinkTest" time="0.967"/>
  <testcase classname="com.imsd.tests.MyAssignmentsPageTest" name="verifyMyAssignmentsPageTitleTest" time="0.008"/>
  <testcase classname="com.imsd.tests.MyAssignmentsPageTest" name="clickMyAssignmentsLinkTest" time="0.936"/>
</testsuite> <!-- ClickOperations -->
